0 info it worked if it ends with ok
1 verbose cli [ 'node', '/usr/local/bin/npm', 'install', 'jsonwebtoken--save' ]
2 info using npm@1.4.28
3 info using node@v0.10.36
4 warn package.json awesome-test@ No description
5 warn package.json awesome-test@ No repository field.
6 warn package.json awesome-test@ No README data
7 verbose readDependencies using package.json deps
8 verbose cache add [ 'jsonwebtoken--save', null ]
9 verbose cache add name=undefined spec="jsonwebtoken--save" args=["jsonwebtoken--save",null]
10 verbose parsed url { protocol: null,
10 verbose parsed url   slashes: null,
10 verbose parsed url   auth: null,
10 verbose parsed url   host: null,
10 verbose parsed url   port: null,
10 verbose parsed url   hostname: null,
10 verbose parsed url   hash: null,
10 verbose parsed url   search: null,
10 verbose parsed url   query: null,
10 verbose parsed url   pathname: 'jsonwebtoken--save',
10 verbose parsed url   path: 'jsonwebtoken--save',
10 verbose parsed url   href: 'jsonwebtoken--save' }
11 silly lockFile 23a835d6-jsonwebtoken-save jsonwebtoken--save
12 verbose lock jsonwebtoken--save /Users/arturogro/.npm/23a835d6-jsonwebtoken-save.lock
13 silly lockFile 23a835d6-jsonwebtoken-save jsonwebtoken--save
14 silly lockFile 23a835d6-jsonwebtoken-save jsonwebtoken--save
15 verbose addNamed [ 'jsonwebtoken--save', '' ]
16 verbose addNamed [ null, '*' ]
17 silly lockFile 491ec1e6-jsonwebtoken-save jsonwebtoken--save@
18 verbose lock jsonwebtoken--save@ /Users/arturogro/.npm/491ec1e6-jsonwebtoken-save.lock
19 silly addNameRange { name: 'jsonwebtoken--save', range: '*', hasData: false }
20 verbose request where is /jsonwebtoken--save
21 verbose request registry https://registry.npmjs.org/
22 verbose request id 6246ed21675f54b0
23 verbose url raw /jsonwebtoken--save
24 verbose url resolving [ 'https://registry.npmjs.org/', './jsonwebtoken--save' ]
25 verbose url resolved https://registry.npmjs.org/jsonwebtoken--save
26 verbose request where is https://registry.npmjs.org/jsonwebtoken--save
27 info trying registry request attempt 1 at 17:33:37
28 http GET https://registry.npmjs.org/jsonwebtoken--save
29 http 404 https://registry.npmjs.org/jsonwebtoken--save
30 verbose headers { date: 'Wed, 25 Feb 2015 23:33:38 GMT',
30 verbose headers   server: 'CouchDB/1.6.1 (Erlang OTP/R14B04)',
30 verbose headers   'content-type': 'application/json',
30 verbose headers   'cache-control': 'max-age=0',
30 verbose headers   'content-length': '52',
30 verbose headers   'accept-ranges': 'bytes',
30 verbose headers   via: '1.1 varnish',
30 verbose headers   age: '0',
30 verbose headers   'x-served-by': 'cache-dfw1834-DFW',
30 verbose headers   'x-cache': 'MISS',
30 verbose headers   'x-cache-hits': '0',
30 verbose headers   'x-timer': 'S1424907218.557564,VS0,VE50',
30 verbose headers   'keep-alive': 'timeout=10, max=50',
30 verbose headers   connection: 'Keep-Alive' }
31 silly registry.get cb [ 404,
31 silly registry.get   { date: 'Wed, 25 Feb 2015 23:33:38 GMT',
31 silly registry.get     server: 'CouchDB/1.6.1 (Erlang OTP/R14B04)',
31 silly registry.get     'content-type': 'application/json',
31 silly registry.get     'cache-control': 'max-age=0',
31 silly registry.get     'content-length': '52',
31 silly registry.get     'accept-ranges': 'bytes',
31 silly registry.get     via: '1.1 varnish',
31 silly registry.get     age: '0',
31 silly registry.get     'x-served-by': 'cache-dfw1834-DFW',
31 silly registry.get     'x-cache': 'MISS',
31 silly registry.get     'x-cache-hits': '0',
31 silly registry.get     'x-timer': 'S1424907218.557564,VS0,VE50',
31 silly registry.get     'keep-alive': 'timeout=10, max=50',
31 silly registry.get     connection: 'Keep-Alive' } ]
32 silly lockFile 491ec1e6-jsonwebtoken-save jsonwebtoken--save@
33 silly lockFile 491ec1e6-jsonwebtoken-save jsonwebtoken--save@
34 error 404 404 Not Found: jsonwebtoken--save
34 error 404
34 error 404 'jsonwebtoken--save' is not in the npm registry.
34 error 404 You should bug the author to publish it
34 error 404 It was specified as a dependency of 'awesome-test'
34 error 404
34 error 404 Note that you can also install from a
34 error 404 tarball, folder, or http url, or git url.
35 error System Darwin 14.1.0
36 error command "node" "/usr/local/bin/npm" "install" "jsonwebtoken--save"
37 error cwd /Users/arturogro/Documents/awesome-test
38 error node -v v0.10.36
39 error npm -v 1.4.28
40 error code E404
41 verbose exit [ 1, true ]
